<?xml version="1.0" encoding="UTF-8"?>
<testsuite name="com.swcoaching.example1.controller.BoardControllerTest" tests="1" skipped="0" failures="0" errors="0" timestamp="2023-07-22T01:03:30" hostname="yugyuhwan-ui-MacBookPro.local" time="0.085">
  <properties/>
  <testcase name="게시판 정보를 조회 테스트 한다" classname="com.swcoaching.example1.controller.BoardControllerTest" time="0.085"/>
  <system-out><![CDATA[10:03:30.030 [Test worker] DEBUG org.springframework.boot.test.autoconfigure.web.servlet.WebMvcTestContextBootstrapper - Neither @ContextConfiguration nor @ContextHierarchy found for test class [BoardControllerTest]: using SpringBootContextLoader
10:03:30.034 [Test worker] DEBUG org.springframework.test.context.support.AbstractContextLoader - Could not detect default resource locations for test class [com.swcoaching.example1.controller.BoardControllerTest]: no resource found for suffixes {-context.xml, Context.groovy}.
10:03:30.034 [Test worker] INFO org.springframework.test.context.support.AnnotationConfigContextLoaderUtils - Could not detect default configuration classes for test class [com.swcoaching.example1.controller.BoardControllerTest]: BoardControllerTest does not declare any static, non-private, non-final, nested classes annotated with @Configuration.
10:03:30.058 [Test worker] DEBUG org.springframework.boot.test.autoconfigure.web.servlet.WebMvcTestContextBootstrapper - Using ContextCustomizers for test class [BoardControllerTest]: [DisableAutoConfigurationContextCustomizer, DisableObservabilityContextCustomizer, TypeExcludeFiltersContextCustomizer, PropertyMappingContextCustomizer, Customizer, ImportsContextCustomizer, ExcludeFilterContextCustomizer, DuplicateJsonObjectContextCustomizer, MockitoContextCustomizer]
10:03:30.093 [Test worker] DEBUG org.springframework.context.annotation.ClassPathScanningCandidateComponentProvider - Identified candidate component class: file [/Users/yookyuhawn/Desktop/sw-coaching/sw-coach-2023-summer/build/classes/java/main/com/swcoaching/example1/SwCoachingApplication.class]
10:03:30.093 [Test worker] INFO org.springframework.boot.test.context.SpringBootTestContextBootstrapper - Found @SpringBootConfiguration com.swcoaching.example1.SwCoachingApplication for test class com.swcoaching.example1.controller.BoardControllerTest
10:03:30.103 [Test worker] DEBUG org.springframework.boot.test.autoconfigure.web.servlet.WebMvcTestContextBootstrapper - Using TestExecutionListeners for test class [BoardControllerTest]: [ServletTestExecutionListener, DirtiesContextBeforeModesTestExecutionListener, ApplicationEventsTestExecutionListener, MockitoTestExecutionListener, DependencyInjectionTestExecutionListener, DirtiesContextTestExecutionListener, TransactionalTestExecutionListener, SqlScriptsTestExecutionListener, EventPublishingTestExecutionListener, RestDocsTestExecutionListener, MockRestServiceServerResetTestExecutionListener, MockMvcPrintOnlyOnFailureTestExecutionListener, WebDriverTestExecutionListener, MockWebServiceServerTestExecutionListener, ResetMocksTestExecutionListener]
10:03:30.104 [Test worker] DEBUG org.springframework.test.context.support.AbstractDirtiesContextTestExecutionListener - Before test class: class [BoardControllerTest], class annotated with @DirtiesContext [false] with mode [null]

  .   ____          _            __ _ _
 /\\ / ___'_ __ _ _(_)_ __  __ _ \ \ \ \
( ( )\___ | '_ | '_| | '_ \/ _` | \ \ \ \
 \\/  ___)| |_)| | | | | || (_| |  ) ) ) )
  '  |____| .__|_| |_|_| |_\__, | / / / /
 =========|_|==============|___/=/_/_/_/
 :: Spring Boot ::                (v3.0.1)

2023-07-22T10:03:30.297+09:00  INFO 40180 --- [    Test worker] c.s.e.controller.BoardControllerTest     : Starting BoardControllerTest using Java 17.0.6 with PID 40180 (started by yookyuhawn in /Users/yookyuhawn/Desktop/sw-coaching/sw-coach-2023-summer)
2023-07-22T10:03:30.297+09:00  INFO 40180 --- [    Test worker] c.s.e.controller.BoardControllerTest     : No active profile set, falling back to 1 default profile: "default"
2023-07-22T10:03:30.713+09:00  INFO 40180 --- [    Test worker] o.s.b.t.m.w.SpringBootMockServletContext : Initializing Spring TestDispatcherServlet ''
2023-07-22T10:03:30.713+09:00  INFO 40180 --- [    Test worker] o.s.t.web.servlet.TestDispatcherServlet  : Initializing Servlet ''
2023-07-22T10:03:30.715+09:00  INFO 40180 --- [    Test worker] o.s.t.web.servlet.TestDispatcherServlet  : Completed initialization in 1 ms
2023-07-22T10:03:30.727+09:00  INFO 40180 --- [    Test worker] c.s.e.controller.BoardControllerTest     : Started BoardControllerTest in 0.601 seconds (process running for 1.368)
2023-07-22T10:03:30.765+09:00  INFO 40180 --- [    Test worker] c.s.example1.controller.BoardController  : Board: Board(id=1, title=test, remark=test1, posts=[])

MockHttpServletRequest:
      HTTP Method = GET
      Request URI = /board/1
       Parameters = {}
          Headers = []
             Body = null
    Session Attrs = {}

Handler:
             Type = com.swcoaching.example1.controller.BoardController
           Method = com.swcoaching.example1.controller.BoardController#getBoard(long)

Async:
    Async started = false
     Async result = null

Resolved Exception:
             Type = null

ModelAndView:
        View name = null
             View = null
            Model = null

FlashMap:
       Attributes = null

MockHttpServletResponse:
           Status = 200
    Error message = null
          Headers = [Content-Type:"application/json"]
     Content type = application/json
             Body = {"id":1,"title":"test","remark":"test1","posts":[]}
    Forwarded URL = null
   Redirected URL = null
          Cookies = []
]]></system-out>
  <system-err><![CDATA[]]></system-err>
</testsuite>
