<?xml version="1.0" encoding="UTF-8"?>
<testsuite name="com.swcoaching.example1.member.MemberServiceTest" tests="1" skipped="0" failures="0" errors="0" timestamp="2023-07-22T01:03:30" hostname="yugyuhwan-ui-MacBookPro.local" time="0.017">
  <properties/>
  <testcase name="ID로 회원 조회 한다" classname="com.swcoaching.example1.member.MemberServiceTest" time="0.017"/>
  <system-out><![CDATA[]]></system-out>
  <system-err><![CDATA[]]></system-err>
</testsuite>
