<?xml version="1.0" encoding="UTF-8"?>
<testsuite name="com.swcoaching.example1.board.BoardServiceTest" tests="1" skipped="0" failures="0" errors="0" timestamp="2023-07-22T01:03:29" hostname="yugyuhwan-ui-MacBookPro.local" time="0.269">
  <properties/>
  <testcase name="게시판 정보를 조회 한다" classname="com.swcoaching.example1.board.BoardServiceTest" time="0.269"/>
  <system-out><![CDATA[]]></system-out>
  <system-err><![CDATA[]]></system-err>
</testsuite>
