<?xml version="1.0" encoding="UTF-8"?>
<testsuite name="com.swcoaching.example1.controller.MemberControllerTest" tests="1" skipped="0" failures="0" errors="0" timestamp="2023-07-22T01:03:30" hostname="yugyuhwan-ui-MacBookPro.local" time="0.011">
  <properties/>
  <testcase name="회원을 조회 테스트를 한다" classname="com.swcoaching.example1.controller.MemberControllerTest" time="0.011"/>
  <system-out><![CDATA[2023-07-22T10:03:30.818+09:00  INFO 40180 --- [    Test worker] t.c.s.AnnotationConfigContextLoaderUtils : Could not detect default configuration classes for test class [com.swcoaching.example1.controller.MemberControllerTest]: MemberControllerTest does not declare any static, non-private, non-final, nested classes annotated with @Configuration.
2023-07-22T10:03:30.821+09:00  INFO 40180 --- [    Test worker] .b.t.c.SpringBootTestContextBootstrapper : Found @SpringBootConfiguration com.swcoaching.example1.SwCoachingApplication for test class com.swcoaching.example1.controller.MemberControllerTest

  .   ____          _            __ _ _
 /\\ / ___'_ __ _ _(_)_ __  __ _ \ \ \ \
( ( )\___ | '_ | '_| | '_ \/ _` | \ \ \ \
 \\/  ___)| |_)| | | | | || (_| |  ) ) ) )
  '  |____| .__|_| |_|_| |_\__, | / / / /
 =========|_|==============|___/=/_/_/_/
 :: Spring Boot ::                (v3.0.1)

2023-07-22T10:03:30.831+09:00  INFO 40180 --- [    Test worker] c.s.e.controller.MemberControllerTest    : Starting MemberControllerTest using Java 17.0.6 with PID 40180 (started by yookyuhawn in /Users/yookyuhawn/Desktop/sw-coaching/sw-coach-2023-summer)
2023-07-22T10:03:30.831+09:00  INFO 40180 --- [    Test worker] c.s.e.controller.MemberControllerTest    : No active profile set, falling back to 1 default profile: "default"
2023-07-22T10:03:30.907+09:00  INFO 40180 --- [    Test worker] o.s.b.t.m.w.SpringBootMockServletContext : Initializing Spring TestDispatcherServlet ''
2023-07-22T10:03:30.908+09:00  INFO 40180 --- [    Test worker] o.s.t.web.servlet.TestDispatcherServlet  : Initializing Servlet ''
2023-07-22T10:03:30.908+09:00  INFO 40180 --- [    Test worker] o.s.t.web.servlet.TestDispatcherServlet  : Completed initialization in 0 ms
2023-07-22T10:03:30.910+09:00  INFO 40180 --- [    Test worker] c.s.e.controller.MemberControllerTest    : Started MemberControllerTest in 0.088 seconds (process running for 1.551)
2023-07-22T10:03:30.918+09:00  INFO 40180 --- [    Test worker] c.s.e.controller.MemberController        : Member: com.swcoaching.example1.member.Member@312f3050

MockHttpServletRequest:
      HTTP Method = GET
      Request URI = /member
       Parameters = {username=[test_user]}
          Headers = []
             Body = null
    Session Attrs = {}

Handler:
             Type = com.swcoaching.example1.controller.MemberController
           Method = com.swcoaching.example1.controller.MemberController#getHello(String)

Async:
    Async started = false
     Async result = null

Resolved Exception:
             Type = null

ModelAndView:
        View name = null
             View = null
            Model = null

FlashMap:
       Attributes = null

MockHttpServletResponse:
           Status = 200
    Error message = null
          Headers = [Content-Type:"application/json"]
     Content type = application/json
             Body = {"id":1,"username":"test_user","password":"password","name":"테스트유저","remark":"비고"}
    Forwarded URL = null
   Redirected URL = null
          Cookies = []
]]></system-out>
  <system-err><![CDATA[]]></system-err>
</testsuite>
